[LOG] System::create                           : Header version = 1.10.10. Current version = 1.10.10.
[LOG] Manager::init                            : maxchannels = 256 studioflags = 00000006 flags 00000000 extradriverdata 0000000000000000.
[LOG] SystemI::init                            : Initialize version=11010 (98815), maxchannels=256, flags=0x00020000
[LOG] SystemI::setOutputInternal               : Setting output to 'FMOD WASAPI Output'
[LOG] OutputWASAPI::init                       : Mix Format (WAVEFORMATEX): wFormatTag=0xFFFE, nChannels=2, nSamplesPerSec=44100, nAvgBytesPerSec=352800, nBlockAlign=8, wBitsPerSample=32, cbSize=22.
[LOG] OutputWASAPI::init                       : Mix Format (WAVEFORMATEXTENSIBLE): wValidBitsPerSample=32, dwChannelMask=0x00000003, SubFormat=00000003-0000-0010-8000-00AA00389B71.
[LOG] OutputWASAPI::init                       : Output buffer size: 3760 samples, latency: 0.00ms, period: 10.00ms, DSP buffer: 1024 * 4
[WRN] SystemI::init                            : Output requires a sample rate of 44100Hz, resampling will occur.
[LOG] Thread::initThread                       : Init FMOD stream thread. Priority: 2, Stack Size: 65536, Semaphore: No, Sleep Time: 10, Looping: Yes.
[LOG] Thread::initThread                       : Init FMOD mixer thread. Priority: 3, Stack Size: 49152, Semaphore: No, Sleep Time: 0, Looping: Yes.
[LOG] AsyncManager::init                       : manager 000000007BB8FEE8 isAsync 0 updatePeriod 0.02
[LOG] AsyncManager::init                       : done
[LOG] PlaybackSystem::init                     : 
[LOG] Thread::initThread                       : Init FMOD Studio sample load thread. Priority: 0, Stack Size: 65536, Semaphore: No, Sleep Time: 1, Looping: No.
[LOG] PlaybackSystem::init                     : done
[LOG] Thread::initThread                       : Init FMOD Studio bank load thread. Priority: 0, Stack Size: 65536, Semaphore: No, Sleep Time: 1, Looping: No.
[LOG] Manager::init                            : done.
[LOG] Manager::readBank                        : fileversion = 103, compatVersion = 99 (oldest = 44, newest = 103)
[LOG] Manager::readBank                        : fileversion = 103, compatVersion = 99 (oldest = 44, newest = 103)
[LOG] Manager::readBank                        : fileversion = 103, compatVersion = 99 (oldest = 44, newest = 103)
[LOG] Manager::readBank                        : fileversion = 103, compatVersion = 99 (oldest = 44, newest = 103)
[LOG] Manager::readBank                        : fileversion = 103, compatVersion = 99 (oldest = 44, newest = 103)
[LOG] Manager::readBank                        : fileversion = 103, compatVersion = 99 (oldest = 44, newest = 103)
[LOG] AsyncThread::threadFunc                  : Starting Asynchronous operation on sound 00000000487D56B8
[LOG] AsyncThread::threadFunc                  : Finished Asynchronous operation on sound 00000000487D56B8
[LOG] Manager::readBank                        : fileversion = 103, compatVersion = 99 (oldest = 44, newest = 103)
[LOG] Manager::readBank                        : fileversion = 103, compatVersion = 99 (oldest = 44, newest = 103)
[LOG] AsyncThread::threadFunc                  : Starting Asynchronous operation on sound 00000000487D56B8
[LOG] AsyncThread::threadFunc                  : Finished Asynchronous operation on sound 00000000487D56B8
[LOG] Manager::readBank                        : fileversion = 103, compatVersion = 99 (oldest = 44, newest = 103)
[LOG] AsyncThread::threadFunc                  : Starting Asynchronous operation on sound 00000000487D56B8
[LOG] AsyncThread::threadFunc                  : Finished Asynchronous operation on sound 00000000487D56B8
[LOG] Manager::readBank                        : fileversion = 103, compatVersion = 99 (oldest = 44, newest = 103)
[LOG] Manager::readBank                        : fileversion = 103, compatVersion = 99 (oldest = 44, newest = 103)
[LOG] Manager::readBank                        : fileversion = 103, compatVersion = 99 (oldest = 44, newest = 103)
[LOG] Manager::readBank                        : fileversion = 103, compatVersion = 99 (oldest = 44, newest = 103)
[LOG] Manager::readBank                        : fileversion = 103, compatVersion = 99 (oldest = 44, newest = 103)
[LOG] SystemI::createSound                     : filename = C:\Users\RIG-PC\Documents\PDFMOD\Build\Desktop/Master Bank.bank : mode 02010082
[LOG] SystemI::createSound                     : FMOD_NONBLOCKING specified.  Putting into queue to be opened asynchronously!
[LOG] SystemI::createSound                     : setdata soundi = 00000000487D4278 : node = 0000000065B95B50
[LOG] SystemI::createSound                     : add node to async list : head = 000000004853FD58.  list count = 0
[LOG] AsyncThread::threadFunc                  : Starting Asynchronous operation on sound 00000000487D4278
[LOG] SystemI::createSound                     : filename = C:\Users\RIG-PC\Documents\PDFMOD\Build\Desktop/Master Bank.bank : mode 02010082
[LOG] SystemI::createSoundInternal             :     Create name='C:\Users\RIG-PC\Documents\PDFMOD\Build\Desktop/Master Bank.bank', mode=0x02010082
[LOG] SystemI::createSound                     :     FMOD_NONBLOCKING specified.  Putting into queue to be opened asynchronously!
[LOG] SystemI::createSoundInternal             :     exinfo->cbsize             = 232
[LOG] SystemI::createSound                     :     setdata soundi = 00000000487D3D68 : node = 0000000065B965D0
[LOG] SystemI::createSoundInternal             :     exinfo->length             = 3528608
[LOG] SystemI::createSound                     :     add node to async list : head = 000000004853FD58.  list count = 0
[LOG] SystemI::createSoundInternal             :     exinfo->fileoffset         = 25312
[LOG] SystemI::createSoundInternal             :     exinfo->numsubsounds       = 1
[LOG] SystemI::createSound                     :     filename = C:\Users\RIG-PC\Documents\PDFMOD\Build\Desktop/Master Bank.bank : mode 02010082
[LOG] SystemI::createSoundInternal             :     exinfo->inclusionlist      = 0000000065B95C68
[LOG] SystemI::createSound                     :     FMOD_NONBLOCKING specified.  Putting into queue to be opened asynchronously!
[LOG] SystemI::createSoundInternal             :     exinfo->inclusionlistnum   = 1
[LOG] SystemI::createSound                     :     setdata soundi = 00000000487D5358 : node = 0000000065B95220
[LOG] SystemI::createSoundInternal             :     exinfo->suggestedsoundtype = 5
[LOG] SystemI::createSound                     :     add node to async list : head = 000000004853FD58.  list count = 1
[LOG] SystemI::createSoundInternal             :     exinfo->initialseekpostype = 1
[LOG] SystemI::createSoundInternal             :     Stream 0/1: name='sakuraburst ambience & foley ICY PEAK', format=2, channels=2, frequency=48000, lengthbytes=729248, lengthpcm=3220255, pcmblocksize=0, loopstart=0, loopend=0, mode=0x00000000, channelmask=0x00000000, channelorder=0, peakvolume=0.206726.
[LOG] AsyncThread::threadFunc                  : Finished Asynchronous operation on sound 00000000487D4278
[LOG] AsyncThread::threadFunc                  : Starting Asynchronous operation on sound 00000000487D3D68
[LOG] SystemI::createSoundInternal             :     Create name='C:\Users\RIG-PC\Documents\PDFMOD\Build\Desktop/Master Bank.bank', mode=0x02010082
[LOG] SystemI::createSoundInternal             :     exinfo->cbsize             = 232
[LOG] SystemI::createSoundInternal             :     exinfo->length             = 3528608
[LOG] SystemI::createSoundInternal             :     exinfo->fileoffset         = 25312
[LOG] SystemI::createSoundInternal             :     exinfo->numsubsounds       = 1
[LOG] SystemI::createSoundInternal             :     exinfo->inclusionlist      = 0000000065B966E8
[LOG] SystemI::createSoundInternal             :     exinfo->inclusionlistnum   = 1
[LOG] SystemI::createSoundInternal             :     exinfo->suggestedsoundtype = 5
[LOG] SystemI::createSoundInternal             :     exinfo->initialseekpostype = 1
[LOG] SystemI::createSoundInternal             :     Stream 0/1: name='sakuraburst ambience & foley ICY PEAK', format=2, channels=2, frequency=48000, lengthbytes=729248, lengthpcm=3220255, pcmblocksize=0, loopstart=0, loopend=0, mode=0x00000000, channelmask=0x00000000, channelorder=0, peakvolume=0.206726.
[LOG] AsyncThread::threadFunc                  : Finished Asynchronous operation on sound 00000000487D3D68
[LOG] AsyncThread::threadFunc                  : Starting Asynchronous operation on sound 00000000487D5358
[LOG] SystemI::createSoundInternal             :     Create name='C:\Users\RIG-PC\Documents\PDFMOD\Build\Desktop/Master Bank.bank', mode=0x02010082
[LOG] SystemI::createSoundInternal             :     exinfo->cbsize             = 232
[LOG] SystemI::createSoundInternal             :     exinfo->length             = 3528608
[LOG] SystemI::createSoundInternal             :     exinfo->fileoffset         = 25312
[LOG] SystemI::createSoundInternal             :     exinfo->numsubsounds       = 1
[LOG] SystemI::createSoundInternal             :     exinfo->inclusionlist      = 0000000065B95338
[LOG] SystemI::createSoundInternal             :     exinfo->inclusionlistnum   = 1
[LOG] SystemI::createSoundInternal             :     exinfo->suggestedsoundtype = 5
[LOG] SystemI::createSoundInternal             :     exinfo->initialseekpostype = 1
[LOG] SystemI::createSoundInternal             :     Stream 0/1: name='sakuraburst ambience & foley ICY PEAK', format=2, channels=2, frequency=48000, lengthbytes=729248, lengthpcm=3220255, pcmblocksize=0, loopstart=0, loopend=0, mode=0x00000000, channelmask=0x00000000, channelorder=0, peakvolume=0.206726.
[LOG] AsyncThread::threadFunc                  : Finished Asynchronous operation on sound 00000000487D5358
[LOG] SoundI::getSubSound                      : sound 00000000487D4278.  Subsound index 0 / 1
[LOG] SoundI::getSubSound                      : sound 00000000487D3D68.  Subsound index 0 / 1
[LOG] SoundI::getSubSound                      : sound 00000000487D5358.  Subsound index 0 / 1
[LOG] SoundI::release                          : sakuraburst ambience & foley ICY PEAK (00000000487D4FF8)
[LOG] SoundI::release                          :     sakuraburst ambience & foley ICY PEAK (0000000048540768)
[LOG] SoundI::release                          :     sakuraburst ambience & foley ICY PEAK (00000000487D5508)
[LOG] SoundI::release                          : sakuraburst ambience & foley ICY PEAK (00000000487D3BB8)
[LOG] SoundI::release                          :     sakuraburst ambience & foley ICY PEAK (0000000048540908)
[LOG] SoundI::release                          :     sakuraburst ambience & foley ICY PEAK (00000000487D56B8)
[LOG] SoundI::release                          : sakuraburst ambience & foley ICY PEAK (00000000487D51A8)
[LOG] SoundI::release                          :     sakuraburst ambience & foley ICY PEAK (0000000048542308)
[LOG] SoundI::release                          :     sakuraburst ambience & foley ICY PEAK (00000000487D3A08)
[LOG] AsyncThread::threadFunc                  : Starting Asynchronous operation on sound 00000000487D4C98
[LOG] AsyncThread::threadFunc                  : Finished Asynchronous operation on sound 00000000487D4C98
[LOG] Manager::readBank                        : fileversion = 103, compatVersion = 99 (oldest = 44, newest = 103)
[LOG] Manager::readBank                        : fileversion = 103, compatVersion = 99 (oldest = 44, newest = 103)
[LOG] AsyncThread::threadFunc                  : Starting Asynchronous operation on sound 00000000487D4C98
[LOG] AsyncThread::threadFunc                  : Finished Asynchronous operation on sound 00000000487D4C98
[LOG] Manager::readBank                        : fileversion = 103, compatVersion = 99 (oldest = 44, newest = 103)
[LOG] AsyncThread::threadFunc                  : Starting Asynchronous operation on sound 00000000487D4C98
[LOG] AsyncThread::threadFunc                  : Finished Asynchronous operation on sound 00000000487D4C98
[LOG] Manager::readBank                        : fileversion = 103, compatVersion = 99 (oldest = 44, newest = 103)
[LOG] Manager::readBank                        : fileversion = 103, compatVersion = 99 (oldest = 44, newest = 103)
[LOG] Manager::readBank                        : fileversion = 103, compatVersion = 99 (oldest = 44, newest = 103)
[LOG] Manager::readBank                        : fileversion = 103, compatVersion = 99 (oldest = 44, newest = 103)
[LOG] Manager::readBank                        : fileversion = 103, compatVersion = 99 (oldest = 44, newest = 103)
[LOG] SoundI::release                          : sakuraburst ambience & foley ICY PEAK (00000000487D3D68)
[LOG] SoundI::release                          :     sakuraburst ambience & foley ICY PEAK (0000000048543008)
[LOG] SoundI::release                          :     sakuraburst ambience & foley ICY PEAK (00000000487D3F18)
[LOG] SoundI::release                          : sakuraburst ambience & foley ICY PEAK (00000000487D5358)
[LOG] SoundI::release                          :     sakuraburst ambience & foley ICY PEAK (0000000048541E28)
[LOG] SoundI::release                          :     sakuraburst ambience & foley ICY PEAK (00000000487D4E48)
[LOG] SoundI::release                          : sakuraburst ambience & foley ICY PEAK (00000000487D4278)
[LOG] SoundI::release                          :     sakuraburst ambience & foley ICY PEAK (0000000048540AA8)
[LOG] SoundI::release                          :     sakuraburst ambience & foley ICY PEAK (00000000487D4C98)
[LOG] SoundI::release                          :  (0000000065D01668)
[LOG] SoundI::release                          :     footsteps (0000000048542168)
[LOG] SoundI::release                          :  (0000000065D045D8)
[LOG] SoundI::release                          :     footstepsConcert (0000000048541608)
[LOG] SoundI::release                          :  (0000000065D03778)
[LOG] SoundI::release                          :     footstepsConcert2 (0000000048541C88)
[LOG] SoundI::release                          :  (0000000065D038E8)
[LOG] SoundI::release                          :     footstepsConcert1 (000000004853FDA8)
[LOG] Thread::callback                         : FMOD Studio update thread finished.
[LOG] Thread::callback                         : FMOD Studio bank load thread finished.
[LOG] Profile::disconnectAll                   : Profiler disconnecting all clients
[LOG] Thread::callback                         : FMOD Studio sample load thread finished.
[LOG] LiveUpdate::release                      : 
[LOG] LiveUpdate::reset                        : Reset connection (reason Disconnected)
[LOG] Thread::callback                         : FMOD stream thread finished.
[LOG] Thread::callback                         : FMOD mixer thread finished.
[LOG] Profile::disconnectAll                   : Profiler disconnecting all clients
[LOG] SystemI::close                           : Closed.
[LOG] Manager::readBank                        : fileversion = 103, compatVersion = 99 (oldest = 44, newest = 103)
[LOG] Manager::readBank                        : fileversion = 103, compatVersion = 99 (oldest = 44, newest = 103)
[LOG] Manager::readBank                        : fileversion = 103, compatVersion = 99 (oldest = 44, newest = 103)
[LOG] Manager::readBank                        : fileversion = 103, compatVersion = 99 (oldest = 44, newest = 103)
[LOG] Manager::readBank                        : fileversion = 103, compatVersion = 99 (oldest = 44, newest = 103)
[LOG] Manager::readBank                        : fileversion = 103, compatVersion = 99 (oldest = 44, newest = 103)
[LOG] PlaybackSystem::acquireMasterBus         : Setting master channel group format to 6
[LOG] Thread::callback                         : FMOD Studio bank load thread finished.
[LOG] Thread::callback                         : FMOD Studio sample load thread finished.
[LOG] LiveUpdate::release                      : 
[LOG] LiveUpdate::reset                        : Reset connection (reason Disconnected)
[LOG] Thread::callback                         : FMOD stream thread finished.
[LOG] Thread::callback                         : FMOD mixer thread finished.
[LOG] Thread::callback                         : FMOD nonblocking thread (0) finished.
[LOG] Thread::callback                         : FMOD file thread finished.
[LOG] SystemI::close                           : Closed.
