[LOG] System::create                           : Header version = 1.10.08. Current version = 1.10.08.
[LOG] SystemI::setOutputInternal               : Setting output to 'FMOD WASAPI Output'
[LOG] Manager::init                            : maxchannels = 1024 studioflags = 00000009 flags 00000000 extradriverdata 0000000000000000.
[LOG] SystemI::init                            : Initialize version=11008 (96768), maxchannels=1024, flags=0x00030000
[LOG] OutputWASAPI::init                       : Mix Format (WAVEFORMATEX): wFormatTag=0xFFFE, nChannels=2, nSamplesPerSec=48000, nAvgBytesPerSec=384000, nBlockAlign=8, wBitsPerSample=32, cbSize=22.
[LOG] OutputWASAPI::init                       : Mix Format (WAVEFORMATEXTENSIBLE): wValidBitsPerSample=32, dwChannelMask=0x00000003, SubFormat=00000003-0000-0010-8000-00AA00389B71.
[LOG] OutputWASAPI::init                       : Output buffer size: 4096 samples, latency: 0.00ms, period: 10.00ms, DSP buffer: 1024 * 4
[LOG] Thread::initThread                       : Init FMOD stream thread. Priority: 2, Stack Size: 65536, Semaphore: No, Sleep Time: 10, Looping: Yes.
[LOG] SystemI::DSPCodecPoolRegister            : register codec pool for pool type 5
[LOG] Thread::initThread                       : Init FMOD mixer thread. Priority: 3, Stack Size: 49152, Semaphore: No, Sleep Time: 0, Looping: Yes.
[LOG] AsyncManager::init                       : manager 0000000049125038 isAsync 1 updatePeriod 0.02
[LOG] Thread::initThread                       : Init FMOD Studio update thread. Priority: 0, Stack Size: 65536, Semaphore: No, Sleep Time: 1, Looping: No.
[LOG] AsyncManager::init                       : done
[LOG] PlaybackSystem::init                     : 
[LOG] Thread::initThread                       : Init FMOD Studio sample load thread. Priority: 0, Stack Size: 65536, Semaphore: No, Sleep Time: 1, Looping: No.
[LOG] PlaybackSystem::init                     : done
[LOG] LiveUpdate::init                         : 
[LOG] Thread::initThread                       : Init FMOD Studio bank load thread. Priority: 0, Stack Size: 65536, Semaphore: No, Sleep Time: 1, Looping: No.
[LOG] Manager::init                            : done.
[LOG] Profile::init                            : Profiler listening on port: 9264
[LOG] Manager::readBank                        : fileversion = 101, compatVersion = 99 (oldest = 44, newest = 100)
[LOG] Manager::readBank                        : fileversion = 101, compatVersion = 99 (oldest = 44, newest = 100)
[LOG] PlaybackSystem::acquireMasterBus         : Setting master channel group format to 6
[LOG] SystemI::createSoundInternal             : Create name='', mode=0x02000202
[LOG] SystemI::createSoundInternal             : exinfo->cbsize             = 232
[LOG] SystemI::createSoundInternal             : exinfo->length             = 2183840
[LOG] SystemI::createSoundInternal             : exinfo->fileoffset         = 19840
[LOG] SystemI::createSoundInternal             : exinfo->numsubsounds       = 1
[LOG] SystemI::createSoundInternal             : exinfo->inclusionlist      = 000000007308F5FC
[LOG] SystemI::createSoundInternal             : exinfo->inclusionlistnum   = 1
[LOG] SystemI::createSoundInternal             : exinfo->suggestedsoundtype = 5
[LOG] SystemI::createSoundInternal             : exinfo->useropen           = 00007FF9693DDA20
[LOG] SystemI::createSoundInternal             : exinfo->userclose          = 00007FF9693DD9F0
[LOG] SystemI::createSoundInternal             : exinfo->userread           = 00007FF9693DDAF0
[LOG] SystemI::createSoundInternal             : exinfo->userseek           = 00007FF9693DDBB0
[LOG] SystemI::createSoundInternal             : exinfo->fileuserdata       = 00000000153AB9B8
[LOG] SystemI::createSoundInternal             : exinfo->initialseekpostype = 1
[LOG] SystemI::DSPCodecPoolRegister            : register codec pool for pool type 5
[LOG] SystemI::createSoundInternal             : Sample 0/1: name='Theme TItle', format=2, channels=2, frequency=48000, lengthbytes=2096256, lengthpcm=7464333, pcmblocksize=0, loopstart=0, loopend=0, mode=0x00000000, channelmask=0x00000000, channelorder=0, peakvolume=0.999969.
[LOG] SystemI::createSoundInternal             : Create name='', mode=0x02000202
[LOG] SystemI::createSoundInternal             : exinfo->cbsize             = 232
[LOG] SystemI::createSoundInternal             : exinfo->length             = 2183840
[LOG] SystemI::createSoundInternal             : exinfo->fileoffset         = 19840
[LOG] SystemI::createSoundInternal             : exinfo->numsubsounds       = 1
[LOG] SystemI::createSoundInternal             : exinfo->inclusionlist      = 000000007308F5FC
[LOG] SystemI::createSoundInternal             : exinfo->inclusionlistnum   = 1
[LOG] SystemI::createSoundInternal             : exinfo->suggestedsoundtype = 5
[LOG] SystemI::createSoundInternal             : exinfo->useropen           = 00007FF9693DDA20
[LOG] SystemI::createSoundInternal             : exinfo->userclose          = 00007FF9693DD9F0
[LOG] SystemI::createSoundInternal             : exinfo->userread           = 00007FF9693DDAF0
[LOG] SystemI::createSoundInternal             : exinfo->userseek           = 00007FF9693DDBB0
[LOG] SystemI::createSoundInternal             : exinfo->fileuserdata       = 00000000153AB9B8
[LOG] SystemI::createSoundInternal             : exinfo->initialseekpostype = 1
[LOG] SystemI::DSPCodecPoolRegister            : register codec pool for pool type 5
[LOG] SystemI::createSoundInternal             : Sample 0/1: name='Nav', format=2, channels=2, frequency=48000, lengthbytes=3712, lengthpcm=200608, pcmblocksize=0, loopstart=0, loopend=200347, mode=0x00000000, channelmask=0x00000000, channelorder=0, peakvolume=0.239960.
[LOG] SystemI::createSoundInternal             : Create name='', mode=0x02000202
[LOG] SystemI::createSoundInternal             : exinfo->cbsize             = 232
[LOG] SystemI::createSoundInternal             : exinfo->length             = 2183840
[LOG] SystemI::createSoundInternal             : exinfo->fileoffset         = 19840
[LOG] SystemI::createSoundInternal             : exinfo->numsubsounds       = 1
[LOG] SystemI::createSoundInternal             : exinfo->inclusionlist      = 000000007308F5FC
[LOG] SystemI::createSoundInternal             : exinfo->inclusionlistnum   = 1
[LOG] SystemI::createSoundInternal             : exinfo->suggestedsoundtype = 5
[LOG] SystemI::createSoundInternal             : exinfo->useropen           = 00007FF9693DDA20
[LOG] SystemI::createSoundInternal             : exinfo->userclose          = 00007FF9693DD9F0
[LOG] SystemI::createSoundInternal             : exinfo->userread           = 00007FF9693DDAF0
[LOG] SystemI::createSoundInternal             : exinfo->userseek           = 00007FF9693DDBB0
[LOG] SystemI::createSoundInternal             : exinfo->fileuserdata       = 00000000153AB9B8
[LOG] SystemI::createSoundInternal             : exinfo->initialseekpostype = 1
[LOG] SystemI::DSPCodecPoolRegister            : register codec pool for pool type 5
[LOG] SystemI::createSoundInternal             : Sample 0/1: name='Select', format=2, channels=2, frequency=48000, lengthbytes=32800, lengthpcm=200608, pcmblocksize=0, loopstart=0, loopend=200347, mode=0x00000000, channelmask=0x00000000, channelorder=0, peakvolume=0.218842.
[LOG] SystemI::createSoundInternal             : Create name='', mode=0x02000202
[LOG] SystemI::createSoundInternal             : exinfo->cbsize             = 232
[LOG] SystemI::createSoundInternal             : exinfo->length             = 2183840
[LOG] SystemI::createSoundInternal             : exinfo->fileoffset         = 19840
[LOG] SystemI::createSoundInternal             : exinfo->numsubsounds       = 1
[LOG] SystemI::createSoundInternal             : exinfo->inclusionlist      = 000000007308F5FC
[LOG] SystemI::createSoundInternal             : exinfo->inclusionlistnum   = 1
[LOG] SystemI::createSoundInternal             : exinfo->suggestedsoundtype = 5
[LOG] SystemI::createSoundInternal             : exinfo->useropen           = 00007FF9693DDA20
[LOG] SystemI::createSoundInternal             : exinfo->userclose          = 00007FF9693DD9F0
[LOG] SystemI::createSoundInternal             : exinfo->userread           = 00007FF9693DDAF0
[LOG] SystemI::createSoundInternal             : exinfo->userseek           = 00007FF9693DDBB0
[LOG] SystemI::createSoundInternal             : exinfo->fileuserdata       = 00000000153AB9B8
[LOG] SystemI::createSoundInternal             : exinfo->initialseekpostype = 1
[LOG] SystemI::DSPCodecPoolRegister            : register codec pool for pool type 5
[LOG] SystemI::createSoundInternal             : Sample 0/1: name='startGame', format=2, channels=2, frequency=48000, lengthbytes=33056, lengthpcm=200608, pcmblocksize=0, loopstart=0, loopend=200347, mode=0x00000000, channelmask=0x00000000, channelorder=0, peakvolume=0.492889.
[LOG] SystemI::createSoundInternal             : Create name='', mode=0x02000202
[LOG] SystemI::createSoundInternal             : exinfo->cbsize             = 232
[LOG] SystemI::createSoundInternal             : exinfo->length             = 2183840
[LOG] SystemI::createSoundInternal             : exinfo->fileoffset         = 19840
[LOG] SystemI::createSoundInternal             : exinfo->numsubsounds       = 1
[LOG] SystemI::createSoundInternal             : exinfo->inclusionlist      = 000000007308F5FC
[LOG] SystemI::createSoundInternal             : exinfo->inclusionlistnum   = 1
[LOG] SystemI::createSoundInternal             : exinfo->suggestedsoundtype = 5
[LOG] SystemI::createSoundInternal             : exinfo->useropen           = 00007FF9693DDA20
[LOG] SystemI::createSoundInternal             : exinfo->userclose          = 00007FF9693DD9F0
[LOG] SystemI::createSoundInternal             : exinfo->userread           = 00007FF9693DDAF0
[LOG] SystemI::createSoundInternal             : exinfo->userseek           = 00007FF9693DDBB0
[LOG] SystemI::createSoundInternal             : exinfo->fileuserdata       = 00000000153AB9B8
[LOG] SystemI::createSoundInternal             : exinfo->initialseekpostype = 1
[LOG] SystemI::DSPCodecPoolRegister            : register codec pool for pool type 5
[LOG] SystemI::createSoundInternal             : Sample 0/1: name='Back', format=2, channels=2, frequency=48000, lengthbytes=4608, lengthpcm=16599, pcmblocksize=0, loopstart=0, loopend=0, mode=0x00000000, channelmask=0x00000000, channelorder=0, peakvolume=0.126343.
[LOG] SystemI::createSoundInternal             : Create name='', mode=0x02000202
[LOG] SystemI::createSoundInternal             : exinfo->cbsize             = 232
[LOG] SystemI::createSoundInternal             : exinfo->length             = 2183840
[LOG] SystemI::createSoundInternal             : exinfo->fileoffset         = 19840
[LOG] SystemI::createSoundInternal             : exinfo->numsubsounds       = 1
[LOG] SystemI::createSoundInternal             : exinfo->inclusionlist      = 000000007308F5FC
[LOG] SystemI::createSoundInternal             : exinfo->inclusionlistnum   = 1
[LOG] SystemI::createSoundInternal             : exinfo->suggestedsoundtype = 5
[LOG] SystemI::createSoundInternal             : exinfo->useropen           = 00007FF9693DDA20
[LOG] SystemI::createSoundInternal             : exinfo->userclose          = 00007FF9693DD9F0
[LOG] SystemI::createSoundInternal             : exinfo->userread           = 00007FF9693DDAF0
[LOG] SystemI::createSoundInternal             : exinfo->userseek           = 00007FF9693DDBB0
[LOG] SystemI::createSoundInternal             : exinfo->fileuserdata       = 00000000153AB9B8
[LOG] SystemI::createSoundInternal             : exinfo->initialseekpostype = 1
[LOG] SystemI::DSPCodecPoolRegister            : register codec pool for pool type 5
[LOG] SystemI::createSoundInternal             : Sample 0/1: name='footsteps', format=2, channels=2, frequency=48000, lengthbytes=3296, lengthpcm=16813, pcmblocksize=0, loopstart=0, loopend=15823, mode=0x00000000, channelmask=0x00000000, channelorder=0, peakvolume=0.421112.
[LOG] SystemI::createSoundInternal             : Create name='', mode=0x02000202
[LOG] SystemI::createSoundInternal             : exinfo->cbsize             = 232
[LOG] SystemI::createSoundInternal             : exinfo->length             = 2183840
[LOG] SystemI::createSoundInternal             : exinfo->fileoffset         = 19840
[LOG] SystemI::createSoundInternal             : exinfo->numsubsounds       = 1
[LOG] SystemI::createSoundInternal             : exinfo->inclusionlist      = 000000007308F5FC
[LOG] SystemI::createSoundInternal             : exinfo->inclusionlistnum   = 1
[LOG] SystemI::createSoundInternal             : exinfo->suggestedsoundtype = 5
[LOG] SystemI::createSoundInternal             : exinfo->useropen           = 00007FF9693DDA20
[LOG] SystemI::createSoundInternal             : exinfo->userclose          = 00007FF9693DD9F0
[LOG] SystemI::createSoundInternal             : exinfo->userread           = 00007FF9693DDAF0
[LOG] SystemI::createSoundInternal             : exinfo->userseek           = 00007FF9693DDBB0
[LOG] SystemI::createSoundInternal             : exinfo->fileuserdata       = 00000000153AB9B8
[LOG] SystemI::createSoundInternal             : exinfo->initialseekpostype = 1
[LOG] SystemI::DSPCodecPoolRegister            : register codec pool for pool type 5
[LOG] SystemI::createSoundInternal             : Sample 0/1: name='footstepsConcert', format=2, channels=2, frequency=48000, lengthbytes=2560, lengthpcm=16153, pcmblocksize=0, loopstart=0, loopend=15822, mode=0x00000000, channelmask=0x00000000, channelorder=0, peakvolume=0.189911.
[LOG] SystemI::createSoundInternal             : Create name='', mode=0x02000202
[LOG] SystemI::createSoundInternal             : exinfo->cbsize             = 232
[LOG] SystemI::createSoundInternal             : exinfo->length             = 2183840
[LOG] SystemI::createSoundInternal             : exinfo->fileoffset         = 19840
[LOG] SystemI::createSoundInternal             : exinfo->numsubsounds       = 1
[LOG] SystemI::createSoundInternal             : exinfo->inclusionlist      = 000000007308F5FC
[LOG] SystemI::createSoundInternal             : exinfo->inclusionlistnum   = 1
[LOG] SystemI::createSoundInternal             : exinfo->suggestedsoundtype = 5
[LOG] SystemI::createSoundInternal             : exinfo->useropen           = 00007FF9693DDA20
[LOG] SystemI::createSoundInternal             : exinfo->userclose          = 00007FF9693DD9F0
[LOG] SystemI::createSoundInternal             : exinfo->userread           = 00007FF9693DDAF0
[LOG] SystemI::createSoundInternal             : exinfo->userseek           = 00007FF9693DDBB0
[LOG] SystemI::createSoundInternal             : exinfo->fileuserdata       = 00000000153AB9B8
[LOG] SystemI::createSoundInternal             : exinfo->initialseekpostype = 1
[LOG] SystemI::DSPCodecPoolRegister            : register codec pool for pool type 5
[LOG] SystemI::createSoundInternal             : Sample 0/1: name='footstepsConcert2', format=2, channels=2, frequency=48000, lengthbytes=2080, lengthpcm=8901, pcmblocksize=0, loopstart=0, loopend=7911, mode=0x00000000, channelmask=0x00000000, channelorder=0, peakvolume=0.191559.
[LOG] SystemI::createSoundInternal             : Create name='', mode=0x02000202
[LOG] SystemI::createSoundInternal             : exinfo->cbsize             = 232
[LOG] SystemI::createSoundInternal             : exinfo->length             = 2183840
[LOG] SystemI::createSoundInternal             : exinfo->fileoffset         = 19840
[LOG] SystemI::createSoundInternal             : exinfo->numsubsounds       = 1
[LOG] SystemI::createSoundInternal             : exinfo->inclusionlist      = 000000007308F5FC
[LOG] SystemI::createSoundInternal             : exinfo->inclusionlistnum   = 1
[LOG] SystemI::createSoundInternal             : exinfo->suggestedsoundtype = 5
[LOG] SystemI::createSoundInternal             : exinfo->useropen           = 00007FF9693DDA20
[LOG] SystemI::createSoundInternal             : exinfo->userclose          = 00007FF9693DD9F0
[LOG] SystemI::createSoundInternal             : exinfo->userread           = 00007FF9693DDAF0
[LOG] SystemI::createSoundInternal             : exinfo->userseek           = 00007FF9693DDBB0
[LOG] SystemI::createSoundInternal             : exinfo->fileuserdata       = 00000000153AB9B8
[LOG] SystemI::createSoundInternal             : exinfo->initialseekpostype = 1
[LOG] SystemI::DSPCodecPoolRegister            : register codec pool for pool type 5
[LOG] SystemI::createSoundInternal             : Sample 0/1: name='footstepsConcert1', format=2, channels=2, frequency=48000, lengthbytes=3584, lengthpcm=16813, pcmblocksize=0, loopstart=0, loopend=15823, mode=0x00000000, channelmask=0x00000000, channelorder=0, peakvolume=0.189941.
[LOG] SoundI::release                          :  (0000000039173228)
[LOG] SoundI::release                          :     Theme TItle (000000004917BDC8)
[LOG] SoundI::release                          :  (0000000039173398)
[LOG] SoundI::release                          :     startGame (000000004917C2A8)
[LOG] SoundI::release                          :  (00000000391726A8)
[LOG] SoundI::release                          :     Nav (000000004917BC28)
[LOG] SoundI::release                          :  (0000000039172C68)
[LOG] SoundI::release                          :     Back (000000004917B8E8)
[LOG] SoundI::release                          :  (0000000039172DD8)
[LOG] SoundI::release                          :     footsteps (000000004917C788)
[LOG] SoundI::release                          :  (0000000015388818)
[LOG] SoundI::release                          :     footstepsConcert (000000004917BA88)
[LOG] SoundI::release                          :  (00000000153886A8)
[LOG] SoundI::release                          :     footstepsConcert1 (000000004917AA48)
[LOG] SoundI::release                          :  (0000000015388C68)
[LOG] SoundI::release                          :     footstepsConcert2 (000000004917ABE8)
[LOG] SoundI::release                          :  (0000000039172988)
[LOG] SoundI::release                          :     Select (000000004917C5E8)
[LOG] Thread::callback                         : FMOD Studio update thread finished.
[LOG] Thread::callback                         : FMOD Studio bank load thread finished.
[LOG] Profile::disconnectAll                   : Profiler disconnecting all clients
[LOG] Thread::callback                         : FMOD Studio sample load thread finished.
[LOG] LiveUpdate::release                      : 
[LOG] LiveUpdate::reset                        : Reset connection (reason Disconnected)
[LOG] Thread::callback                         : FMOD stream thread finished.
[LOG] Thread::callback                         : FMOD mixer thread finished.
[LOG] Profile::disconnectAll                   : Profiler disconnecting all clients
[LOG] SystemI::close                           : Closed.
